Base path: D:/Program Files (x86)/Unity/Editor/Data
Pipe name: \\.\pipe\UnityShaderCompiler-1-5904
Cmd: getPlatforms
Cmd: compileSnippet
  api=0 type=0 insize=2197 outsize=428 kw= ok=1
Cmd: compileSnippet
  api=0 type=1 insize=2197 outsize=1088 kw= ok=1
Cmd: compileSnippet
  api=0 type=0 insize=1207 outsize=428 kw= ok=1
Cmd: compileSnippet
  api=0 type=1 insize=1207 outsize=486 kw= ok=1
Cmd: compileSnippet
  api=0 type=0 insize=7419 outsize=432 kw= ok=1
Cmd: compileSnippet
  api=0 type=1 insize=7419 outsize=1893 kw= ok=1
Cmd: compileSnippet
  api=0 type=0 insize=952 outsize=397 kw= ok=1
Cmd: compileSnippet
  api=0 type=1 insize=952 outsize=222 kw= ok=1
Cmd: compileSnippet
  api=0 type=0 insize=2272 outsize=428 kw= ok=1
Cmd: compileSnippet
  api=0 type=1 insize=2272 outsize=1127 kw= ok=1
Cmd: compileSnippet
  api=8 type=0 insize=2197 outsize=1650 kw= ok=1
Cmd: compileSnippet
  api=1 type=1 insize=2197 outsize=994 kw= ok=1
Cmd: compileSnippet
  api=1 type=0 insize=1207 outsize=211 kw= ok=1
Cmd: compileSnippet
  api=1 type=1 insize=1207 outsize=314 kw= ok=1
Cmd: compileSnippet
  api=1 type=0 insize=7419 outsize=234 kw= ok=1
Cmd: compileSnippet
  api=1 type=1 insize=7419 outsize=1744 kw= ok=1
Cmd: compileSnippet
  api=8 type=1 insize=952 outsize=1138 kw= ok=1
Cmd: compileSnippet
  api=1 type=0 insize=2272 outsize=211 kw= ok=1
